0 verbose cli /Users/nicolecurcis/.nvm/versions/node/v22.19.0/bin/node /Users/nicolecurcis/.nvm/versions/node/v22.19.0/bin/npm
1 info using npm@10.9.3
2 info using node@v22.19.0
3 silly config load:file:/Users/nicolecurcis/.nvm/versions/node/v22.19.0/lib/node_modules/npm/npmrc
4 silly config load:file:/Users/nicolecurcis/.npmrc
5 silly config load:file:/Users/nicolecurcis/.nvm/versions/node/v22.19.0/etc/npmrc
6 verbose title npm install dotenv tsx
7 verbose argv "install" "--global" "dotenv" "tsx"
8 verbose logfile logs-max:10 dir:/Users/nicolecurcis/CascadeProjects/salem-cyber-vault-optimized/.npm-cache/_logs/2025-09-21T12_43_30_297Z-
9 verbose logfile /Users/nicolecurcis/CascadeProjects/salem-cyber-vault-optimized/.npm-cache/_logs/2025-09-21T12_43_30_297Z-debug-0.log
10 silly packumentCache heap:4345298944 maxSize:1086324736 maxEntrySize:543162368
11 silly logfile start cleaning logs, removing 1 files
12 silly logfile done cleaning log files
13 silly idealTree buildDeps
14 silly fetch manifest dotenv@*
15 silly packumentCache full:https://registry.npmjs.org/dotenv cache-miss
16 http cache https://registry.npmjs.org/dotenv 24ms (cache hit)
17 silly packumentCache full:https://registry.npmjs.org/dotenv set size:258824 disposed:false
18 silly fetch manifest tsx@*
19 silly packumentCache full:https://registry.npmjs.org/tsx cache-miss
20 http cache https://registry.npmjs.org/tsx 14ms (cache hit)
21 silly packumentCache full:https://registry.npmjs.org/tsx set size:285045 disposed:false
22 silly placeDep ROOT dotenv@17.2.2 OK for:  want: *
23 silly placeDep ROOT tsx@4.20.5 OK for:  want: *
24 silly fetch manifest esbuild@~0.25.0
25 silly packumentCache full:https://registry.npmjs.org/esbuild cache-miss
26 silly fetch manifest get-tsconfig@^4.7.5
27 silly packumentCache full:https://registry.npmjs.org/get-tsconfig cache-miss
28 silly fetch manifest fsevents@~2.3.3
29 silly packumentCache full:https://registry.npmjs.org/fsevents cache-miss
30 http fetch GET 200 https://registry.npmjs.org/esbuild 230ms (cache revalidated)
31 silly packumentCache full:https://registry.npmjs.org/esbuild set size:1224950 disposed:false
32 http fetch GET 200 https://registry.npmjs.org/fsevents 282ms (cache revalidated)
33 silly packumentCache full:https://registry.npmjs.org/fsevents set size:182472 disposed:false
34 http fetch GET 200 https://registry.npmjs.org/get-tsconfig 321ms (cache revalidated)
35 silly packumentCache full:https://registry.npmjs.org/get-tsconfig set size:98111 disposed:false
36 silly placeDep node_modules/tsx esbuild@0.25.10 OK for: tsx@4.20.5 want: ~0.25.0
37 silly placeDep node_modules/tsx fsevents@2.3.3 OK for: tsx@4.20.5 want: ~2.3.3
38 silly placeDep node_modules/tsx get-tsconfig@4.10.1 OK for: tsx@4.20.5 want: ^4.7.5
39 silly fetch manifest @esbuild/aix-ppc64@0.25.10
40 silly packumentCache full:https://registry.npmjs.org/@esbuild%2faix-ppc64 cache-miss
41 silly fetch manifest @esbuild/android-arm@0.25.10
42 silly packumentCache full:https://registry.npmjs.org/@esbuild%2fandroid-arm cache-miss
43 silly fetch manifest @esbuild/android-arm64@0.25.10
44 silly packumentCache full:https://registry.npmjs.org/@esbuild%2fandroid-arm64 cache-miss
45 silly fetch manifest @esbuild/android-x64@0.25.10
46 silly packumentCache full:https://registry.npmjs.org/@esbuild%2fandroid-x64 cache-miss
47 silly fetch manifest @esbuild/darwin-arm64@0.25.10
48 silly packumentCache full:https://registry.npmjs.org/@esbuild%2fdarwin-arm64 cache-miss
49 silly fetch manifest @esbuild/darwin-x64@0.25.10
50 silly packumentCache full:https://registry.npmjs.org/@esbuild%2fdarwin-x64 cache-miss
51 silly fetch manifest @esbuild/freebsd-arm64@0.25.10
52 silly packumentCache full:https://registry.npmjs.org/@esbuild%2ffreebsd-arm64 cache-miss
53 http fetch GET 200 https://registry.npmjs.org/@esbuild%2fandroid-arm 219ms (cache revalidated)
54 silly packumentCache full:https://registry.npmjs.org/@esbuild%2fandroid-arm set size:202462 disposed:false
55 silly fetch manifest @esbuild/freebsd-x64@0.25.10
56 silly packumentCache full:https://registry.npmjs.org/@esbuild%2ffreebsd-x64 cache-miss
57 http fetch GET 200 https://registry.npmjs.org/@esbuild%2fandroid-x64 248ms (cache revalidated)
58 silly packumentCache full:https://registry.npmjs.org/@esbuild%2fandroid-x64 set size:176264 disposed:false
59 silly fetch manifest @esbuild/linux-arm@0.25.10
60 silly packumentCache full:https://registry.npmjs.org/@esbuild%2flinux-arm cache-miss
61 http fetch GET 200 https://registry.npmjs.org/@esbuild%2faix-ppc64 271ms (cache revalidated)
62 silly packumentCache full:https://registry.npmjs.org/@esbuild%2faix-ppc64 set size:43108 disposed:false
63 silly fetch manifest @esbuild/linux-arm64@0.25.10
64 silly packumentCache full:https://registry.npmjs.org/@esbuild%2flinux-arm64 cache-miss
65 http fetch GET 200 https://registry.npmjs.org/@esbuild%2ffreebsd-arm64 271ms (cache revalidated)
66 silly packumentCache full:https://registry.npmjs.org/@esbuild%2ffreebsd-arm64 set size:179189 disposed:false
67 silly fetch manifest @esbuild/linux-ia32@0.25.10
68 silly packumentCache full:https://registry.npmjs.org/@esbuild%2flinux-ia32 cache-miss
69 http fetch GET 200 https://registry.npmjs.org/@esbuild%2fdarwin-arm64 298ms (cache revalidated)
70 silly packumentCache full:https://registry.npmjs.org/@esbuild%2fdarwin-arm64 set size:178402 disposed:false
71 silly fetch manifest @esbuild/linux-loong64@0.25.10
72 silly packumentCache full:https://registry.npmjs.org/@esbuild%2flinux-loong64 cache-miss
73 http fetch GET 200 https://registry.npmjs.org/@esbuild%2flinux-arm64 100ms (cache revalidated)
74 silly packumentCache full:https://registry.npmjs.org/@esbuild%2flinux-arm64 set size:177801 disposed:false
75 silly fetch manifest @esbuild/linux-mips64el@0.25.10
76 silly packumentCache full:https://registry.npmjs.org/@esbuild%2flinux-mips64el cache-miss
77 http fetch GET 200 https://registry.npmjs.org/@esbuild%2fandroid-arm64 420ms (cache revalidated)
78 silly packumentCache full:https://registry.npmjs.org/@esbuild%2fandroid-arm64 set size:179221 disposed:false
79 silly fetch manifest @esbuild/linux-ppc64@0.25.10
80 silly packumentCache full:https://registry.npmjs.org/@esbuild%2flinux-ppc64 cache-miss
81 http fetch GET 200 https://registry.npmjs.org/@esbuild%2ffreebsd-x64 332ms (cache revalidated)
82 silly packumentCache full:https://registry.npmjs.org/@esbuild%2ffreebsd-x64 set size:177620 disposed:false
83 silly fetch manifest @esbuild/linux-riscv64@0.25.10
84 silly packumentCache full:https://registry.npmjs.org/@esbuild%2flinux-riscv64 cache-miss
85 http fetch GET 200 https://registry.npmjs.org/@esbuild%2fdarwin-x64 554ms (cache revalidated)
86 silly packumentCache full:https://registry.npmjs.org/@esbuild%2fdarwin-x64 set size:176848 disposed:false
87 silly fetch manifest @esbuild/linux-s390x@0.25.10
88 silly packumentCache full:https://registry.npmjs.org/@esbuild%2flinux-s390x cache-miss
89 http fetch GET 200 https://registry.npmjs.org/@esbuild%2flinux-mips64el 186ms (cache revalidated)
90 silly packumentCache full:https://registry.npmjs.org/@esbuild%2flinux-mips64el set size:181160 disposed:false
91 silly fetch manifest @esbuild/linux-x64@0.25.10
92 silly packumentCache full:https://registry.npmjs.org/@esbuild%2flinux-x64 cache-miss
93 http fetch GET 200 https://registry.npmjs.org/@esbuild%2flinux-arm 312ms (cache revalidated)
94 silly packumentCache full:https://registry.npmjs.org/@esbuild%2flinux-arm set size:175911 disposed:false
95 silly fetch manifest @esbuild/netbsd-arm64@0.25.10
96 silly packumentCache full:https://registry.npmjs.org/@esbuild%2fnetbsd-arm64 cache-miss
97 http fetch GET 200 https://registry.npmjs.org/@esbuild%2flinux-ia32 289ms (cache revalidated)
98 silly packumentCache full:https://registry.npmjs.org/@esbuild%2flinux-ia32 set size:176805 disposed:false
99 silly fetch manifest @esbuild/netbsd-x64@0.25.10
100 silly packumentCache full:https://registry.npmjs.org/@esbuild%2fnetbsd-x64 cache-miss
101 http fetch GET 200 https://registry.npmjs.org/@esbuild%2flinux-loong64 269ms (cache revalidated)
102 silly packumentCache full:https://registry.npmjs.org/@esbuild%2flinux-loong64 set size:232494 disposed:false
103 silly fetch manifest @esbuild/openbsd-arm64@0.25.10
104 silly packumentCache full:https://registry.npmjs.org/@esbuild%2fopenbsd-arm64 cache-miss
105 http fetch GET 200 https://registry.npmjs.org/@esbuild%2flinux-riscv64 272ms (cache revalidated)
106 silly packumentCache full:https://registry.npmjs.org/@esbuild%2flinux-riscv64 set size:179305 disposed:false
107 silly fetch manifest @esbuild/openbsd-x64@0.25.10
108 silly packumentCache full:https://registry.npmjs.org/@esbuild%2fopenbsd-x64 cache-miss
109 http fetch GET 200 https://registry.npmjs.org/@esbuild%2fopenbsd-arm64 253ms (cache revalidated)
110 silly packumentCache full:https://registry.npmjs.org/@esbuild%2fopenbsd-arm64 set size:26449 disposed:false
111 silly fetch manifest @esbuild/openharmony-arm64@0.25.10
112 silly packumentCache full:https://registry.npmjs.org/@esbuild%2fopenharmony-arm64 cache-miss
113 http fetch GET 200 https://registry.npmjs.org/@esbuild%2fnetbsd-x64 268ms (cache revalidated)
114 silly packumentCache full:https://registry.npmjs.org/@esbuild%2fnetbsd-x64 set size:174813 disposed:false
115 silly fetch manifest @esbuild/sunos-x64@0.25.10
116 silly packumentCache full:https://registry.npmjs.org/@esbuild%2fsunos-x64 cache-miss
117 http fetch GET 200 https://registry.npmjs.org/@esbuild%2flinux-x64 277ms (cache revalidated)
118 silly packumentCache full:https://registry.npmjs.org/@esbuild%2flinux-x64 set size:176218 disposed:false
119 silly fetch manifest @esbuild/win32-arm64@0.25.10
120 silly packumentCache full:https://registry.npmjs.org/@esbuild%2fwin32-arm64 cache-miss
121 http fetch GET 200 https://registry.npmjs.org/@esbuild%2flinux-ppc64 429ms (cache revalidated)
122 silly packumentCache full:https://registry.npmjs.org/@esbuild%2flinux-ppc64 set size:179620 disposed:false
123 silly fetch manifest @esbuild/win32-ia32@0.25.10
124 silly packumentCache full:https://registry.npmjs.org/@esbuild%2fwin32-ia32 cache-miss
125 http fetch GET 200 https://registry.npmjs.org/@esbuild%2flinux-s390x 309ms (cache revalidated)
126 silly packumentCache full:https://registry.npmjs.org/@esbuild%2flinux-s390x set size:179149 disposed:false
127 silly fetch manifest @esbuild/win32-x64@0.25.10
128 silly packumentCache full:https://registry.npmjs.org/@esbuild%2fwin32-x64 cache-miss
129 http fetch GET 200 https://registry.npmjs.org/@esbuild%2fnetbsd-arm64 307ms (cache revalidated)
130 silly packumentCache full:https://registry.npmjs.org/@esbuild%2fnetbsd-arm64 set size:21225 disposed:false
131 silly fetch manifest resolve-pkg-maps@^1.0.0
132 silly packumentCache full:https://registry.npmjs.org/resolve-pkg-maps cache-miss
133 http fetch GET 200 https://registry.npmjs.org/@esbuild%2fwin32-ia32 102ms (cache revalidated)
134 silly packumentCache full:https://registry.npmjs.org/@esbuild%2fwin32-ia32 set size:177005 disposed:false
135 http fetch GET 200 https://registry.npmjs.org/resolve-pkg-maps 127ms (cache revalidated)
136 silly packumentCache full:https://registry.npmjs.org/resolve-pkg-maps set size:11615 disposed:false
137 http fetch GET 200 https://registry.npmjs.org/@esbuild%2fsunos-x64 180ms (cache revalidated)
138 silly packumentCache full:https://registry.npmjs.org/@esbuild%2fsunos-x64 set size:176430 disposed:false
139 http fetch GET 200 https://registry.npmjs.org/@esbuild%2fwin32-arm64 219ms (cache revalidated)
140 silly packumentCache full:https://registry.npmjs.org/@esbuild%2fwin32-arm64 set size:178006 disposed:false
141 http fetch GET 200 https://registry.npmjs.org/@esbuild%2fopenbsd-x64 256ms (cache revalidated)
142 silly packumentCache full:https://registry.npmjs.org/@esbuild%2fopenbsd-x64 set size:177624 disposed:false
143 http fetch GET 200 https://registry.npmjs.org/@esbuild%2fwin32-x64 228ms (cache revalidated)
144 silly packumentCache full:https://registry.npmjs.org/@esbuild%2fwin32-x64 set size:176433 disposed:false
145 http fetch GET 200 https://registry.npmjs.org/@esbuild%2fopenharmony-arm64 298ms (cache revalidated)
146 silly packumentCache full:https://registry.npmjs.org/@esbuild%2fopenharmony-arm64 set size:9645 disposed:false
147 silly placeDep node_modules/tsx @esbuild/aix-ppc64@0.25.10 OK for: esbuild@0.25.10 want: 0.25.10
148 silly placeDep node_modules/tsx @esbuild/android-arm@0.25.10 OK for: esbuild@0.25.10 want: 0.25.10
149 silly placeDep node_modules/tsx @esbuild/android-arm64@0.25.10 OK for: esbuild@0.25.10 want: 0.25.10
150 silly placeDep node_modules/tsx @esbuild/android-x64@0.25.10 OK for: esbuild@0.25.10 want: 0.25.10
151 silly placeDep node_modules/tsx @esbuild/darwin-arm64@0.25.10 OK for: esbuild@0.25.10 want: 0.25.10
152 silly placeDep node_modules/tsx @esbuild/darwin-x64@0.25.10 OK for: esbuild@0.25.10 want: 0.25.10
153 silly placeDep node_modules/tsx @esbuild/freebsd-arm64@0.25.10 OK for: esbuild@0.25.10 want: 0.25.10
154 silly placeDep node_modules/tsx @esbuild/freebsd-x64@0.25.10 OK for: esbuild@0.25.10 want: 0.25.10
155 silly placeDep node_modules/tsx @esbuild/linux-arm@0.25.10 OK for: esbuild@0.25.10 want: 0.25.10
156 silly placeDep node_modules/tsx @esbuild/linux-arm64@0.25.10 OK for: esbuild@0.25.10 want: 0.25.10
157 silly placeDep node_modules/tsx @esbuild/linux-ia32@0.25.10 OK for: esbuild@0.25.10 want: 0.25.10
158 silly placeDep node_modules/tsx @esbuild/linux-loong64@0.25.10 OK for: esbuild@0.25.10 want: 0.25.10
159 silly placeDep node_modules/tsx @esbuild/linux-mips64el@0.25.10 OK for: esbuild@0.25.10 want: 0.25.10
160 silly placeDep node_modules/tsx @esbuild/linux-ppc64@0.25.10 OK for: esbuild@0.25.10 want: 0.25.10
161 silly placeDep node_modules/tsx @esbuild/linux-riscv64@0.25.10 OK for: esbuild@0.25.10 want: 0.25.10
162 silly placeDep node_modules/tsx @esbuild/linux-s390x@0.25.10 OK for: esbuild@0.25.10 want: 0.25.10
163 silly placeDep node_modules/tsx @esbuild/linux-x64@0.25.10 OK for: esbuild@0.25.10 want: 0.25.10
164 silly placeDep node_modules/tsx @esbuild/netbsd-arm64@0.25.10 OK for: esbuild@0.25.10 want: 0.25.10
165 silly placeDep node_modules/tsx @esbuild/netbsd-x64@0.25.10 OK for: esbuild@0.25.10 want: 0.25.10
166 silly placeDep node_modules/tsx @esbuild/openbsd-arm64@0.25.10 OK for: esbuild@0.25.10 want: 0.25.10
167 silly placeDep node_modules/tsx @esbuild/openbsd-x64@0.25.10 OK for: esbuild@0.25.10 want: 0.25.10
168 silly placeDep node_modules/tsx @esbuild/openharmony-arm64@0.25.10 OK for: esbuild@0.25.10 want: 0.25.10
169 silly placeDep node_modules/tsx @esbuild/sunos-x64@0.25.10 OK for: esbuild@0.25.10 want: 0.25.10
170 silly placeDep node_modules/tsx @esbuild/win32-arm64@0.25.10 OK for: esbuild@0.25.10 want: 0.25.10
171 silly placeDep node_modules/tsx @esbuild/win32-ia32@0.25.10 OK for: esbuild@0.25.10 want: 0.25.10
172 silly placeDep node_modules/tsx @esbuild/win32-x64@0.25.10 OK for: esbuild@0.25.10 want: 0.25.10
173 silly placeDep node_modules/tsx resolve-pkg-maps@1.0.0 OK for: get-tsconfig@4.10.1 want: ^1.0.0
174 silly reify mark retired [
174 silly reify   '/Users/nicolecurcis/.nvm/versions/node/v22.19.0/lib/node_modules/dotenv'
174 silly reify ]
175 silly reify mark retired [
175 silly reify   '/Users/nicolecurcis/.nvm/versions/node/v22.19.0/lib/node_modules/tsx',
175 silly reify   '/Users/nicolecurcis/.nvm/versions/node/v22.19.0/bin/tsx'
175 silly reify ]
176 silly reify moves {
176 silly reify   '/Users/nicolecurcis/.nvm/versions/node/v22.19.0/lib/node_modules/dotenv': '/Users/nicolecurcis/.nvm/versions/node/v22.19.0/lib/node_modules/.dotenv-5HXIySDr',
176 silly reify   '/Users/nicolecurcis/.nvm/versions/node/v22.19.0/lib/node_modules/tsx': '/Users/nicolecurcis/.nvm/versions/node/v22.19.0/lib/node_modules/.tsx-m4FjtdTh',
176 silly reify   '/Users/nicolecurcis/.nvm/versions/node/v22.19.0/bin/tsx': '/Users/nicolecurcis/.nvm/versions/node/v22.19.0/bin/.tsx-9xCIwsYZ'
176 silly reify }
177 verbose reify failed optional dependency /Users/nicolecurcis/.nvm/versions/node/v22.19.0/lib/node_modules/tsx/node_modules/@esbuild/win32-x64
178 silly reify mark deleted [
178 silly reify   '/Users/nicolecurcis/.nvm/versions/node/v22.19.0/lib/node_modules/tsx/node_modules/@esbuild/win32-x64'
178 silly reify ]
179 verbose reify failed optional dependency /Users/nicolecurcis/.nvm/versions/node/v22.19.0/lib/node_modules/tsx/node_modules/@esbuild/win32-ia32
180 silly reify mark deleted [
180 silly reify   '/Users/nicolecurcis/.nvm/versions/node/v22.19.0/lib/node_modules/tsx/node_modules/@esbuild/win32-ia32'
180 silly reify ]
181 verbose reify failed optional dependency /Users/nicolecurcis/.nvm/versions/node/v22.19.0/lib/node_modules/tsx/node_modules/@esbuild/win32-arm64
182 silly reify mark deleted [
182 silly reify   '/Users/nicolecurcis/.nvm/versions/node/v22.19.0/lib/node_modules/tsx/node_modules/@esbuild/win32-arm64'
182 silly reify ]
183 verbose reify failed optional dependency /Users/nicolecurcis/.nvm/versions/node/v22.19.0/lib/node_modules/tsx/node_modules/@esbuild/sunos-x64
184 silly reify mark deleted [
184 silly reify   '/Users/nicolecurcis/.nvm/versions/node/v22.19.0/lib/node_modules/tsx/node_modules/@esbuild/sunos-x64'
184 silly reify ]
185 verbose reify failed optional dependency /Users/nicolecurcis/.nvm/versions/node/v22.19.0/lib/node_modules/tsx/node_modules/@esbuild/openharmony-arm64
186 silly reify mark deleted [
186 silly reify   '/Users/nicolecurcis/.nvm/versions/node/v22.19.0/lib/node_modules/tsx/node_modules/@esbuild/openharmony-arm64'
186 silly reify ]
187 verbose reify failed optional dependency /Users/nicolecurcis/.nvm/versions/node/v22.19.0/lib/node_modules/tsx/node_modules/@esbuild/openbsd-x64
188 silly reify mark deleted [
188 silly reify   '/Users/nicolecurcis/.nvm/versions/node/v22.19.0/lib/node_modules/tsx/node_modules/@esbuild/openbsd-x64'
188 silly reify ]
189 verbose reify failed optional dependency /Users/nicolecurcis/.nvm/versions/node/v22.19.0/lib/node_modules/tsx/node_modules/@esbuild/openbsd-arm64
190 silly reify mark deleted [
190 silly reify   '/Users/nicolecurcis/.nvm/versions/node/v22.19.0/lib/node_modules/tsx/node_modules/@esbuild/openbsd-arm64'
190 silly reify ]
191 verbose reify failed optional dependency /Users/nicolecurcis/.nvm/versions/node/v22.19.0/lib/node_modules/tsx/node_modules/@esbuild/netbsd-x64
192 silly reify mark deleted [
192 silly reify   '/Users/nicolecurcis/.nvm/versions/node/v22.19.0/lib/node_modules/tsx/node_modules/@esbuild/netbsd-x64'
192 silly reify ]
193 verbose reify failed optional dependency /Users/nicolecurcis/.nvm/versions/node/v22.19.0/lib/node_modules/tsx/node_modules/@esbuild/netbsd-arm64
194 silly reify mark deleted [
194 silly reify   '/Users/nicolecurcis/.nvm/versions/node/v22.19.0/lib/node_modules/tsx/node_modules/@esbuild/netbsd-arm64'
194 silly reify ]
195 verbose reify failed optional dependency /Users/nicolecurcis/.nvm/versions/node/v22.19.0/lib/node_modules/tsx/node_modules/@esbuild/linux-x64
196 silly reify mark deleted [
196 silly reify   '/Users/nicolecurcis/.nvm/versions/node/v22.19.0/lib/node_modules/tsx/node_modules/@esbuild/linux-x64'
196 silly reify ]
197 verbose reify failed optional dependency /Users/nicolecurcis/.nvm/versions/node/v22.19.0/lib/node_modules/tsx/node_modules/@esbuild/linux-s390x
198 silly reify mark deleted [
198 silly reify   '/Users/nicolecurcis/.nvm/versions/node/v22.19.0/lib/node_modules/tsx/node_modules/@esbuild/linux-s390x'
198 silly reify ]
199 verbose reify failed optional dependency /Users/nicolecurcis/.nvm/versions/node/v22.19.0/lib/node_modules/tsx/node_modules/@esbuild/linux-riscv64
200 silly reify mark deleted [
200 silly reify   '/Users/nicolecurcis/.nvm/versions/node/v22.19.0/lib/node_modules/tsx/node_modules/@esbuild/linux-riscv64'
200 silly reify ]
201 verbose reify failed optional dependency /Users/nicolecurcis/.nvm/versions/node/v22.19.0/lib/node_modules/tsx/node_modules/@esbuild/linux-ppc64
202 silly reify mark deleted [
202 silly reify   '/Users/nicolecurcis/.nvm/versions/node/v22.19.0/lib/node_modules/tsx/node_modules/@esbuild/linux-ppc64'
202 silly reify ]
203 verbose reify failed optional dependency /Users/nicolecurcis/.nvm/versions/node/v22.19.0/lib/node_modules/tsx/node_modules/@esbuild/linux-mips64el
204 silly reify mark deleted [
204 silly reify   '/Users/nicolecurcis/.nvm/versions/node/v22.19.0/lib/node_modules/tsx/node_modules/@esbuild/linux-mips64el'
204 silly reify ]
205 verbose reify failed optional dependency /Users/nicolecurcis/.nvm/versions/node/v22.19.0/lib/node_modules/tsx/node_modules/@esbuild/linux-loong64
206 silly reify mark deleted [
206 silly reify   '/Users/nicolecurcis/.nvm/versions/node/v22.19.0/lib/node_modules/tsx/node_modules/@esbuild/linux-loong64'
206 silly reify ]
207 verbose reify failed optional dependency /Users/nicolecurcis/.nvm/versions/node/v22.19.0/lib/node_modules/tsx/node_modules/@esbuild/linux-ia32
208 silly reify mark deleted [
208 silly reify   '/Users/nicolecurcis/.nvm/versions/node/v22.19.0/lib/node_modules/tsx/node_modules/@esbuild/linux-ia32'
208 silly reify ]
209 verbose reify failed optional dependency /Users/nicolecurcis/.nvm/versions/node/v22.19.0/lib/node_modules/tsx/node_modules/@esbuild/linux-arm64
210 silly reify mark deleted [
210 silly reify   '/Users/nicolecurcis/.nvm/versions/node/v22.19.0/lib/node_modules/tsx/node_modules/@esbuild/linux-arm64'
210 silly reify ]
211 verbose reify failed optional dependency /Users/nicolecurcis/.nvm/versions/node/v22.19.0/lib/node_modules/tsx/node_modules/@esbuild/linux-arm
212 silly reify mark deleted [
212 silly reify   '/Users/nicolecurcis/.nvm/versions/node/v22.19.0/lib/node_modules/tsx/node_modules/@esbuild/linux-arm'
212 silly reify ]
213 verbose reify failed optional dependency /Users/nicolecurcis/.nvm/versions/node/v22.19.0/lib/node_modules/tsx/node_modules/@esbuild/freebsd-x64
214 silly reify mark deleted [
214 silly reify   '/Users/nicolecurcis/.nvm/versions/node/v22.19.0/lib/node_modules/tsx/node_modules/@esbuild/freebsd-x64'
214 silly reify ]
215 verbose reify failed optional dependency /Users/nicolecurcis/.nvm/versions/node/v22.19.0/lib/node_modules/tsx/node_modules/@esbuild/freebsd-arm64
216 silly reify mark deleted [
216 silly reify   '/Users/nicolecurcis/.nvm/versions/node/v22.19.0/lib/node_modules/tsx/node_modules/@esbuild/freebsd-arm64'
216 silly reify ]
217 verbose reify failed optional dependency /Users/nicolecurcis/.nvm/versions/node/v22.19.0/lib/node_modules/tsx/node_modules/@esbuild/darwin-x64
218 silly reify mark deleted [
218 silly reify   '/Users/nicolecurcis/.nvm/versions/node/v22.19.0/lib/node_modules/tsx/node_modules/@esbuild/darwin-x64'
218 silly reify ]
219 verbose reify failed optional dependency /Users/nicolecurcis/.nvm/versions/node/v22.19.0/lib/node_modules/tsx/node_modules/@esbuild/android-x64
220 silly reify mark deleted [
220 silly reify   '/Users/nicolecurcis/.nvm/versions/node/v22.19.0/lib/node_modules/tsx/node_modules/@esbuild/android-x64'
220 silly reify ]
221 verbose reify failed optional dependency /Users/nicolecurcis/.nvm/versions/node/v22.19.0/lib/node_modules/tsx/node_modules/@esbuild/android-arm64
222 silly reify mark deleted [
222 silly reify   '/Users/nicolecurcis/.nvm/versions/node/v22.19.0/lib/node_modules/tsx/node_modules/@esbuild/android-arm64'
222 silly reify ]
223 verbose reify failed optional dependency /Users/nicolecurcis/.nvm/versions/node/v22.19.0/lib/node_modules/tsx/node_modules/@esbuild/android-arm
224 silly reify mark deleted [
224 silly reify   '/Users/nicolecurcis/.nvm/versions/node/v22.19.0/lib/node_modules/tsx/node_modules/@esbuild/android-arm'
224 silly reify ]
225 verbose reify failed optional dependency /Users/nicolecurcis/.nvm/versions/node/v22.19.0/lib/node_modules/tsx/node_modules/@esbuild/aix-ppc64
226 silly reify mark deleted [
226 silly reify   '/Users/nicolecurcis/.nvm/versions/node/v22.19.0/lib/node_modules/tsx/node_modules/@esbuild/aix-ppc64'
226 silly reify ]
227 http cache dotenv@https://registry.npmjs.org/dotenv/-/dotenv-17.2.2.tgz 0ms (cache hit)
228 http cache tsx@https://registry.npmjs.org/tsx/-/tsx-4.20.5.tgz 0ms (cache hit)
229 http cache fsevents@https://registry.npmjs.org/fsevents/-/fsevents-2.3.3.tgz 0ms (cache hit)
230 http cache resolve-pkg-maps@https://registry.npmjs.org/resolve-pkg-maps/-/resolve-pkg-maps-1.0.0.tgz 0ms (cache hit)
231 http cache esbuild@https://registry.npmjs.org/esbuild/-/esbuild-0.25.10.tgz 0ms (cache hit)
232 http cache @esbuild/darwin-arm64@https://registry.npmjs.org/@esbuild/darwin-arm64/-/darwin-arm64-0.25.10.tgz 0ms (cache hit)
233 http cache get-tsconfig@https://registry.npmjs.org/get-tsconfig/-/get-tsconfig-4.10.1.tgz 0ms (cache hit)
234 info run fsevents@2.3.3 install node_modules/tsx/node_modules/fsevents node-gyp rebuild
235 info run fsevents@2.3.3 install { code: 1, signal: null }
236 verbose reify failed optional dependency /Users/nicolecurcis/.nvm/versions/node/v22.19.0/lib/node_modules/tsx/node_modules/fsevents
237 silly reify mark deleted [
237 silly reify   '/Users/nicolecurcis/.nvm/versions/node/v22.19.0/lib/node_modules/tsx/node_modules/fsevents'
237 silly reify ]
238 info run esbuild@0.25.10 postinstall node_modules/tsx/node_modules/esbuild node install.js
239 info run esbuild@0.25.10 postinstall { code: 0, signal: null }
240 silly CHANGE node_modules/tsx
241 silly ADD
242 silly ADD
243 silly ADD
244 silly ADD
245 silly ADD
246 silly ADD
247 silly ADD
248 silly ADD
249 silly ADD
250 silly ADD
251 silly ADD
252 silly ADD
253 silly ADD
254 silly ADD
255 silly ADD
256 silly ADD
257 silly ADD
258 silly ADD
259 silly ADD
260 silly ADD
261 silly ADD
262 silly ADD
263 silly ADD
264 silly ADD
265 silly ADD
266 silly ADD
267 silly CHANGE node_modules/tsx/node_modules/resolve-pkg-maps
268 silly CHANGE node_modules/tsx/node_modules/esbuild
269 silly CHANGE node_modules/tsx/node_modules/get-tsconfig
270 silly CHANGE node_modules/tsx/node_modules/@esbuild/darwin-arm64
271 silly CHANGE node_modules/dotenv
272 verbose cwd /Users/nicolecurcis/CascadeProjects/salem-cyber-vault-optimized
273 verbose os Darwin 24.6.0
274 verbose node v22.19.0
275 verbose npm  v10.9.3
276 verbose exit 0
277 info ok
